Arguments: 
  /home/ada/Downloads/node-v10.15.3-linux-x64/bin/node /usr/share/yarn/bin/yarn.js add antd babel-plugin-import --save

PATH: 
  /home/ada/Downloads/node-v10.15.3-linux-x64/bin:./bin:./node_modules/.bin:/home/ada/.rbenv/shims:/home/ada/.rbenv/bin:/home/ada/.local/bin:/usr/local/sbin:/usr/local/bin:/usr/sbin:/usr/bin:/sbin:/bin:/usr/games:/usr/local/games:/snap/bin:/usr/local/sbin

Yarn version: 
  1.12.3

Node version: 
  10.15.3

Platform: 
  linux x64

Trace: 
  Error: ENOENT: no such file or directory, copyfile '/home/ada/.cache/yarn/v4/npm-regjsgen-0.5.1-48f0bf1a5ea205196929c0d9798b42d1ed98443c/node_modules/regjsgen/LICENSE' -> '/home/ada/code/dva-quickstart/node_modules/@babel/helper-create-regexp-features-plugin/node_modules/regjsgen/LICENSE'

npm manifest: 
  {
    "private": true,
    "scripts": {
      "start": "roadhog server",
      "build": "roadhog build",
      "lint": "eslint --ext .js src test",
      "precommit": "npm run lint"
    },
    "dependencies": {
      "dva": "^2.4.1",
      "react": "^16.2.0",
      "react-dom": "^16.2.0"
    },
    "devDependencies": {
      "babel-plugin-dva-hmr": "^0.3.2",
      "eslint": "^4.14.0",
      "eslint-config-umi": "^0.1.1",
      "eslint-plugin-flowtype": "^2.34.1",
      "eslint-plugin-import": "^2.6.0",
      "eslint-plugin-jsx-a11y": "^5.1.1",
      "eslint-plugin-react": "^7.1.0",
      "husky": "^0.12.0",
      "redbox-react": "^1.4.3",
      "roadhog": "^2.5.0-beta.4"
    }
  }

yarn manifest: 
  No manifest

Lockfile: 
  No lockfile
